<?xml version="1.0" encoding="UTF-8"?>
<!-- Generated by org.testng.reporters.JUnitReportReporter -->
<testsuite hostname="LAPTOP-33CIC546" failures="0" tests="1" name="tc_Repositary.Assignment" time="18.257" errors="0" timestamp="2024-09-07T09:23:08 IST" skipped="0">
  <testcase classname="tc_Repositary.Assignment" name="ass" time="18.257"/>
</testsuite> <!-- tc_Repositary.Assignment -->
